--------------------------------------------------------------------------------
Marvellous Infosystems Process Logger : Thu Sep 14 13:20:13 2023
--------------------------------------------------------------------------------
{'name': 'chrome.exe', 'username': 'ONKAROPLE\\msi', 'pid': 1040, 'vms': 224.828125}
{'name': 'chrome.exe', 'username': 'ONKAROPLE\\msi', 'pid': 1068, 'vms': 23.3046875}
{'name': 'smartscreen.exe', 'username': 'ONKAROPLE\\msi', 'pid': 1276, 'vms': 2.5703125}
{'name': 'msedge.exe', 'username': 'ONKAROPLE\\msi', 'pid': 1576, 'vms': 60.3828125}
{'name': 'msedgewebview2.exe', 'username': 'ONKAROPLE\\msi', 'pid': 1636, 'vms': 28.765625}
{'name': 'msedgewebview2.exe', 'username': 'ONKAROPLE\\msi', 'pid': 1724, 'vms': 6.0078125}
{'name': 'chrome.exe', 'username': 'ONKAROPLE\\msi', 'pid': 1768, 'vms': 11.82421875}
{'name': 'msedgewebview2.exe', 'username': 'ONKAROPLE\\msi', 'pid': 1772, 'vms': 9.41015625}
{'name': 'chrome.exe', 'username': 'ONKAROPLE\\msi', 'pid': 2136, 'vms': 27.828125}
{'name': 'conhost.exe', 'username': 'ONKAROPLE\\msi', 'pid': 2172, 'vms': 12.69921875}
{'name': 'SearchProtocolHost.exe', 'username': 'ONKAROPLE\\msi', 'pid': 2232, 'vms': 2.13671875}
{'name': 'chrome.exe', 'username': 'ONKAROPLE\\msi', 'pid': 2400, 'vms': 19.27734375}
{'name': 'dllhost.exe', 'username': 'ONKAROPLE\\msi', 'pid': 2540, 'vms': 1.578125}
{'name': 'dllhost.exe', 'username': 'ONKAROPLE\\msi', 'pid': 2560, 'vms': 1.296875}
{'name': 'Code.exe', 'username': 'ONKAROPLE\\msi', 'pid': 2564, 'vms': 54.4296875}
{'name': 'SystemSettings.exe', 'username': 'ONKAROPLE\\msi', 'pid': 2620, 'vms': 114.37109375}
{'name': 'msedge.exe', 'username': 'ONKAROPLE\\msi', 'pid': 2784, 'vms': 2.08203125}
{'name': 'chrome.exe', 'username': 'ONKAROPLE\\msi', 'pid': 3004, 'vms': 19.44921875}
{'name': 'chrome.exe', 'username': 'ONKAROPLE\\msi', 'pid': 3456, 'vms': 38.4921875}
{'name': 'UserOOBEBroker.exe', 'username': 'ONKAROPLE\\msi', 'pid': 3944, 'vms': 1.83984375}
{'name': 'sihost.exe', 'username': 'ONKAROPLE\\msi', 'pid': 4264, 'vms': 6.4375}
{'name': 'svchost.exe', 'username': 'ONKAROPLE\\msi', 'pid': 4312, 'vms': 9.8828125}
{'name': 'cmd.exe', 'username': 'ONKAROPLE\\msi', 'pid': 4364, 'vms': 3.86328125}
{'name': 'msedge.exe', 'username': 'ONKAROPLE\\msi', 'pid': 4400, 'vms': 22.46875}
{'name': 'chrome.exe', 'username': 'ONKAROPLE\\msi', 'pid': 5636, 'vms': 196.34765625}
{'name': 'chrome.exe', 'username': 'ONKAROPLE\\msi', 'pid': 5676, 'vms': 32.9140625}
{'name': 'msedgewebview2.exe', 'username': 'ONKAROPLE\\msi', 'pid': 5956, 'vms': 2.03515625}
{'name': 'msedge.exe', 'username': 'ONKAROPLE\\msi', 'pid': 6744, 'vms': 26.6484375}
{'name': 'OneDrive.exe', 'username': 'ONKAROPLE\\msi', 'pid': 6820, 'vms': 104.59765625}
{'name': 'putty.exe', 'username': 'ONKAROPLE\\msi', 'pid': 7116, 'vms': 5.22265625}
{'name': 'msedgewebview2.exe', 'username': 'ONKAROPLE\\msi', 'pid': 8256, 'vms': 112.80859375}
{'name': 'Code.exe', 'username': 'ONKAROPLE\\msi', 'pid': 8380, 'vms': 93.6953125}
{'name': 'ONLINENT.EXE', 'username': 'ONKAROPLE\\msi', 'pid': 8548, 'vms': 6.69921875}
{'name': 'putty.exe', 'username': 'ONKAROPLE\\msi', 'pid': 8656, 'vms': 5.65234375}
{'name': 'svchost.exe', 'username': 'ONKAROPLE\\msi', 'pid': 8948, 'vms': 2.5546875}
{'name': 'svchost.exe', 'username': 'ONKAROPLE\\msi', 'pid': 8956, 'vms': 9.44921875}
{'name': 'igfxEM.exe', 'username': 'ONKAROPLE\\msi', 'pid': 9028, 'vms': 6.96875}
{'name': 'taskhostw.exe', 'username': 'ONKAROPLE\\msi', 'pid': 9132, 'vms': 3.71875}
{'name': 'svchost.exe', 'username': 'ONKAROPLE\\msi', 'pid': 9136, 'vms': 1.80859375}
{'name': 'Code.exe', 'username': 'ONKAROPLE\\msi', 'pid': 9172, 'vms': 13.2734375}
{'name': 'dllhost.exe', 'username': 'ONKAROPLE\\msi', 'pid': 9292, 'vms': 6.98828125}
{'name': 'svchost.exe', 'username': 'ONKAROPLE\\msi', 'pid': 9376, 'vms': 7.890625}
{'name': 'svchost.exe', 'username': 'ONKAROPLE\\msi', 'pid': 9428, 'vms': 6.37109375}
{'name': 'msedgewebview2.exe', 'username': 'ONKAROPLE\\msi', 'pid': 9540, 'vms': 33.42578125}
{'name': 'Notepad.exe', 'username': 'ONKAROPLE\\msi', 'pid': 9604, 'vms': 23.31640625}
{'name': 'PhoneExperienceHost.exe', 'username': 'ONKAROPLE\\msi', 'pid': 9940, 'vms': 47.76953125}
{'name': 'explorer.exe', 'username': 'ONKAROPLE\\msi', 'pid': 10028, 'vms': 96.16015625}
{'name': 'msedge.exe', 'username': 'ONKAROPLE\\msi', 'pid': 10044, 'vms': 6.64453125}
{'name': 'msedgewebview2.exe', 'username': 'ONKAROPLE\\msi', 'pid': 10360, 'vms': 83.80078125}
{'name': 'WhatsApp.exe', 'username': 'ONKAROPLE\\msi', 'pid': 10392, 'vms': 53.38671875}
{'name': 'SearchHost.exe', 'username': 'ONKAROPLE\\msi', 'pid': 10468, 'vms': 37.7421875}
{'name': 'StartMenuExperienceHost.exe', 'username': 'ONKAROPLE\\msi', 'pid': 10504, 'vms': 47.44921875}
{'name': 'Widgets.exe', 'username': 'ONKAROPLE\\msi', 'pid': 10524, 'vms': 11.97265625}
{'name': 'RuntimeBroker.exe', 'username': 'ONKAROPLE\\msi', 'pid': 10596, 'vms': 6.3671875}
{'name': 'msedge.exe', 'username': 'ONKAROPLE\\msi', 'pid': 10644, 'vms': 11.734375}
{'name': 'backgroundTaskHost.exe', 'username': 'ONKAROPLE\\msi', 'pid': 10712, 'vms': 16.72265625}
{'name': 'SDXHelper.exe', 'username': 'ONKAROPLE\\msi', 'pid': 10744, 'vms': 14.13671875}
{'name': 'RuntimeBroker.exe', 'username': 'ONKAROPLE\\msi', 'pid': 10808, 'vms': 8.1015625}
{'name': 'Code.exe', 'username': 'ONKAROPLE\\msi', 'pid': 10844, 'vms': 29.1875}
{'name': 'backgroundTaskHost.exe', 'username': 'ONKAROPLE\\msi', 'pid': 10876, 'vms': 5.765625}
{'name': 'svchost.exe', 'username': 'ONKAROPLE\\msi', 'pid': 10944, 'vms': 2.30859375}
{'name': 'chrome.exe', 'username': 'ONKAROPLE\\msi', 'pid': 11092, 'vms': 22.6796875}
{'name': 'msedgewebview2.exe', 'username': 'ONKAROPLE\\msi', 'pid': 11132, 'vms': 29.5}
{'name': 'msedgewebview2.exe', 'username': 'ONKAROPLE\\msi', 'pid': 11176, 'vms': 2.21484375}
{'name': 'crashpad_handler.exe', 'username': 'ONKAROPLE\\msi', 'pid': 11344, 'vms': 1.42578125}
{'name': 'msedgewebview2.exe', 'username': 'ONKAROPLE\\msi', 'pid': 11444, 'vms': 52.08203125}
{'name': 'msedgewebview2.exe', 'username': 'ONKAROPLE\\msi', 'pid': 11488, 'vms': 12.0234375}
{'name': 'msedgewebview2.exe', 'username': 'ONKAROPLE\\msi', 'pid': 11544, 'vms': 6.890625}
{'name': 'msedge.exe', 'username': 'ONKAROPLE\\msi', 'pid': 11748, 'vms': 72.75}
{'name': 'msedgewebview2.exe', 'username': 'ONKAROPLE\\msi', 'pid': 11816, 'vms': 64.11328125}
{'name': 'RuntimeBroker.exe', 'username': 'ONKAROPLE\\msi', 'pid': 12048, 'vms': 5.69140625}
{'name': 'WidgetService.exe', 'username': 'ONKAROPLE\\msi', 'pid': 12540, 'vms': 4.65234375}
{'name': 'SecurityHealthSystray.exe', 'username': 'ONKAROPLE\\msi', 'pid': 12584, 'vms': 1.94140625}
{'name': 'msedgewebview2.exe', 'username': 'ONKAROPLE\\msi', 'pid': 12616, 'vms': 11.21875}
{'name': 'RuntimeBroker.exe', 'username': 'ONKAROPLE\\msi', 'pid': 12772, 'vms': 2.4609375}
{'name': 'TextInputHost.exe', 'username': 'ONKAROPLE\\msi', 'pid': 12836, 'vms': 76.17578125}
{'name': 'RuntimeBroker.exe', 'username': 'ONKAROPLE\\msi', 'pid': 12844, 'vms': 1.62890625}
{'name': 'nearby_share.exe', 'username': 'ONKAROPLE\\msi', 'pid': 13116, 'vms': 65.04296875}
{'name': 'msedgewebview2.exe', 'username': 'ONKAROPLE\\msi', 'pid': 13264, 'vms': 6.1015625}
{'name': 'RtkAudUService64.exe', 'username': 'ONKAROPLE\\msi', 'pid': 13276, 'vms': 3.34765625}
{'name': 'RuntimeBroker.exe', 'username': 'ONKAROPLE\\msi', 'pid': 13840, 'vms': 5.578125}
{'name': 'utweb.exe', 'username': 'ONKAROPLE\\msi', 'pid': 14244, 'vms': 12.25}
{'name': 'helper.exe', 'username': 'ONKAROPLE\\msi', 'pid': 14312, 'vms': 6.0703125}
{'name': 'chrome.exe', 'username': 'ONKAROPLE\\msi', 'pid': 14360, 'vms': 189.86328125}
{'name': 'chrome.exe', 'username': 'ONKAROPLE\\msi', 'pid': 14432, 'vms': 6.5078125}
{'name': 'python.exe', 'username': 'ONKAROPLE\\msi', 'pid': 14500, 'vms': 10.3203125}
{'name': 'chrome.exe', 'username': 'ONKAROPLE\\msi', 'pid': 14608, 'vms': 125.01171875}
{'name': 'chrome.exe', 'username': 'ONKAROPLE\\msi', 'pid': 14700, 'vms': 19.0078125}
{'name': 'chrome.exe', 'username': 'ONKAROPLE\\msi', 'pid': 14972, 'vms': 35.5078125}
{'name': 'chrome.exe', 'username': 'ONKAROPLE\\msi', 'pid': 15060, 'vms': 203.5234375}
{'name': 'chrome.exe', 'username': 'ONKAROPLE\\msi', 'pid': 15076, 'vms': 15.8515625}
{'name': 'chrome.exe', 'username': 'ONKAROPLE\\msi', 'pid': 15084, 'vms': 12.54296875}
{'name': 'Video.UI.exe', 'username': 'ONKAROPLE\\msi', 'pid': 15460, 'vms': 17.73828125}
{'name': 'msedgewebview2.exe', 'username': 'ONKAROPLE\\msi', 'pid': 15848, 'vms': 149.71875}
{'name': 'LocationNotificationWindows.exe', 'username': 'ONKAROPLE\\msi', 'pid': 15908, 'vms': 1.78515625}
{'name': 'msteams.exe', 'username': 'ONKAROPLE\\msi', 'pid': 15956, 'vms': 11.97265625}
{'name': 'RuntimeBroker.exe', 'username': 'ONKAROPLE\\msi', 'pid': 16136, 'vms': 2.09375}
{'name': 'msedgewebview2.exe', 'username': 'ONKAROPLE\\msi', 'pid': 16224, 'vms': 34.62109375}
{'name': 'msedgewebview2.exe', 'username': 'ONKAROPLE\\msi', 'pid': 16256, 'vms': 2.03515625}
{'name': 'Code.exe', 'username': 'ONKAROPLE\\msi', 'pid': 16628, 'vms': 175.78515625}
{'name': 'ShellExperienceHost.exe', 'username': 'ONKAROPLE\\msi', 'pid': 16672, 'vms': 23.12109375}
{'name': 'RuntimeBroker.exe', 'username': 'ONKAROPLE\\msi', 'pid': 16804, 'vms': 5.76171875}
{'name': 'NhNotifSys.exe', 'username': 'ONKAROPLE\\msi', 'pid': 16820, 'vms': 22.765625}
{'name': 'msedge.exe', 'username': 'ONKAROPLE\\msi', 'pid': 16864, 'vms': 24.296875}
{'name': 'svchost.exe', 'username': 'ONKAROPLE\\msi', 'pid': 16904, 'vms': 2.6875}
{'name': 'SystemSettingsBroker.exe', 'username': 'ONKAROPLE\\msi', 'pid': 17020, 'vms': 8.2890625}
{'name': 'msedge.exe', 'username': 'ONKAROPLE\\msi', 'pid': 17060, 'vms': 19.14453125}
{'name': 'RuntimeBroker.exe', 'username': 'ONKAROPLE\\msi', 'pid': 17128, 'vms': 2.56640625}
{'name': 'ApplicationFrameHost.exe', 'username': 'ONKAROPLE\\msi', 'pid': 17168, 'vms': 12.90234375}
{'name': 'msedge.exe', 'username': 'ONKAROPLE\\msi', 'pid': 17316, 'vms': 19.48046875}
{'name': 'svchost.exe', 'username': 'ONKAROPLE\\msi', 'pid': 17384, 'vms': 2.2734375}
{'name': 'msedgewebview2.exe', 'username': 'ONKAROPLE\\msi', 'pid': 17424, 'vms': 7.4453125}
{'name': 'Code.exe', 'username': 'ONKAROPLE\\msi', 'pid': 17500, 'vms': 10.58203125}
{'name': 'Code.exe', 'username': 'ONKAROPLE\\msi', 'pid': 18080, 'vms': 72.859375}
{'name': 'Code.exe', 'username': 'ONKAROPLE\\msi', 'pid': 18088, 'vms': 40.171875}
{'name': 'msedge.exe', 'username': 'ONKAROPLE\\msi', 'pid': 18192, 'vms': 7.16796875}
{'name': 'chrome.exe', 'username': 'ONKAROPLE\\msi', 'pid': 18232, 'vms': 59.22265625}
