--------------------------------------------------------------------------------
Marvellous Infosystems Process Logger : Tue Nov 22 11:33:15 2022
--------------------------------------------------------------------------------
{'name': 'backgroundTaskHost.exe', 'username': 'MSI\\Onkar Ople', 'pid': 1772, 'vms': 22.71484375}
{'name': 'RuntimeBroker.exe', 'username': 'MSI\\Onkar Ople', 'pid': 2032, 'vms': 2.35546875}
{'name': 'sihost.exe', 'username': 'MSI\\Onkar Ople', 'pid': 2244, 'vms': 6.6484375}
{'name': 'chrome.exe', 'username': 'MSI\\Onkar Ople', 'pid': 2328, 'vms': 8.34375}
{'name': 'msedgewebview2.exe', 'username': 'MSI\\Onkar Ople', 'pid': 2520, 'vms': 71.90625}
{'name': 'conhost.exe', 'username': 'MSI\\Onkar Ople', 'pid': 2844, 'vms': 5.41796875}
{'name': 'utweb.exe', 'username': 'MSI\\Onkar Ople', 'pid': 3280, 'vms': 10.86328125}
{'name': 'chrome.exe', 'username': 'MSI\\Onkar Ople', 'pid': 3292, 'vms': 338.13671875}
{'name': 'svchost.exe', 'username': 'MSI\\Onkar Ople', 'pid': 3444, 'vms': 5.82421875}
{'name': 'IGCC.exe', 'username': 'MSI\\Onkar Ople', 'pid': 4688, 'vms': 18.12890625}
{'name': 'Nahimic3.exe', 'username': 'MSI\\Onkar Ople', 'pid': 4768, 'vms': 22.32421875}
{'name': 'chrome.exe', 'username': 'MSI\\Onkar Ople', 'pid': 5572, 'vms': 31.11328125}
{'name': 'UserOOBEBroker.exe', 'username': 'MSI\\Onkar Ople', 'pid': 6556, 'vms': 2.07421875}
{'name': 'ApplicationFrameHost.exe', 'username': 'MSI\\Onkar Ople', 'pid': 7032, 'vms': 13.60546875}
{'name': 'NVIDIA Share.exe', 'username': 'MSI\\Onkar Ople', 'pid': 8248, 'vms': 47.359375}
{'name': 'NVIDIA Web Helper.exe', 'username': 'MSI\\Onkar Ople', 'pid': 8508, 'vms': 32.765625}
{'name': 'Code.exe', 'username': 'MSI\\Onkar Ople', 'pid': 8528, 'vms': 11.89453125}
{'name': 'Code.exe', 'username': 'MSI\\Onkar Ople', 'pid': 8552, 'vms': 175.859375}
{'name': 'msedge.exe', 'username': 'MSI\\Onkar Ople', 'pid': 8588, 'vms': 42.76953125}
{'name': 'AnyDesk.exe', 'username': 'MSI\\Onkar Ople', 'pid': 8652, 'vms': 20.77734375}
{'name': 'RtkAudUService64.exe', 'username': 'MSI\\Onkar Ople', 'pid': 9064, 'vms': 4.9453125}
{'name': 'IGCCTray.exe', 'username': 'MSI\\Onkar Ople', 'pid': 9068, 'vms': 47.6796875}
{'name': 'msedge.exe', 'username': 'MSI\\Onkar Ople', 'pid': 9312, 'vms': 77.375}
{'name': 'Code.exe', 'username': 'MSI\\Onkar Ople', 'pid': 9448, 'vms': 38.8359375}
{'name': 'Amazon Music Helper.exe', 'username': 'MSI\\Onkar Ople', 'pid': 9716, 'vms': 2.0703125}
{'name': 'Code.exe', 'username': 'MSI\\Onkar Ople', 'pid': 10040, 'vms': 146.734375}
{'name': 'msedge.exe', 'username': 'MSI\\Onkar Ople', 'pid': 10044, 'vms': 1.97265625}
{'name': 'msedge.exe', 'username': 'MSI\\Onkar Ople', 'pid': 10060, 'vms': 7.69140625}
{'name': 'msedge.exe', 'username': 'MSI\\Onkar Ople', 'pid': 10484, 'vms': 20.546875}
{'name': 'Cortana.exe', 'username': 'MSI\\Onkar Ople', 'pid': 10644, 'vms': 31.5625}
{'name': 'Code.exe', 'username': 'MSI\\Onkar Ople', 'pid': 10796, 'vms': 699.63671875}
{'name': 'chrome.exe', 'username': 'MSI\\Onkar Ople', 'pid': 11296, 'vms': 133.42578125}
{'name': 'RuntimeBroker.exe', 'username': 'MSI\\Onkar Ople', 'pid': 11300, 'vms': 4.89453125}
{'name': 'msedgewebview2.exe', 'username': 'MSI\\Onkar Ople', 'pid': 11340, 'vms': 10.921875}
{'name': 'dllhost.exe', 'username': 'MSI\\Onkar Ople', 'pid': 11356, 'vms': 1.453125}
{'name': 'chrome.exe', 'username': 'MSI\\Onkar Ople', 'pid': 11452, 'vms': 2.29296875}
{'name': 'Widgets.exe', 'username': 'MSI\\Onkar Ople', 'pid': 11512, 'vms': 8.625}
{'name': 'helper.exe', 'username': 'MSI\\Onkar Ople', 'pid': 11572, 'vms': 5.83203125}
{'name': 'msedgewebview2.exe', 'username': 'MSI\\Onkar Ople', 'pid': 11692, 'vms': 8.0546875}
{'name': 'chrome.exe', 'username': 'MSI\\Onkar Ople', 'pid': 11748, 'vms': 21.5078125}
{'name': 'RuntimeBroker.exe', 'username': 'MSI\\Onkar Ople', 'pid': 11948, 'vms': 5.6015625}
{'name': 'explorer.exe', 'username': 'MSI\\Onkar Ople', 'pid': 11952, 'vms': 79.63671875}
{'name': 'SystemSettings.exe', 'username': 'MSI\\Onkar Ople', 'pid': 12076, 'vms': 48.2734375}
{'name': 'chrome.exe', 'username': 'MSI\\Onkar Ople', 'pid': 12444, 'vms': 23.3125}
{'name': 'msedgewebview2.exe', 'username': 'MSI\\Onkar Ople', 'pid': 12584, 'vms': 2.32421875}
{'name': 'svchost.exe', 'username': 'MSI\\Onkar Ople', 'pid': 12636, 'vms': 3.64453125}
{'name': 'Code.exe', 'username': 'MSI\\Onkar Ople', 'pid': 12772, 'vms': 102.44140625}
{'name': 'RuntimeBroker.exe', 'username': 'MSI\\Onkar Ople', 'pid': 13020, 'vms': 3.8515625}
{'name': 'python.exe', 'username': 'MSI\\Onkar Ople', 'pid': 13260, 'vms': 6.8515625}
{'name': 'conhost.exe', 'username': 'MSI\\Onkar Ople', 'pid': 13292, 'vms': 12.19140625}
{'name': 'cpptools.exe', 'username': 'MSI\\Onkar Ople', 'pid': 13552, 'vms': 40.515625}
{'name': 'svchost.exe', 'username': 'MSI\\Onkar Ople', 'pid': 13616, 'vms': 8.2265625}
{'name': 'msedge.exe', 'username': 'MSI\\Onkar Ople', 'pid': 13688, 'vms': 12.4375}
{'name': 'chrome.exe', 'username': 'MSI\\Onkar Ople', 'pid': 13872, 'vms': 21.1328125}
{'name': 'msedgewebview2.exe', 'username': 'MSI\\Onkar Ople', 'pid': 14180, 'vms': 80.60546875}
{'name': 'chrome.exe', 'username': 'MSI\\Onkar Ople', 'pid': 14572, 'vms': 22.58984375}
{'name': 'svchost.exe', 'username': 'MSI\\Onkar Ople', 'pid': 14656, 'vms': 7.08984375}
{'name': 'chrome.exe', 'username': 'MSI\\Onkar Ople', 'pid': 14660, 'vms': 7.4296875}
{'name': 'taskhostw.exe', 'username': 'MSI\\Onkar Ople', 'pid': 14664, 'vms': 7.6796875}
{'name': 'Code.exe', 'username': 'MSI\\Onkar Ople', 'pid': 14680, 'vms': 59.9921875}
{'name': 'chrome.exe', 'username': 'MSI\\Onkar Ople', 'pid': 15056, 'vms': 134.03125}
{'name': 'chrome.exe', 'username': 'MSI\\Onkar Ople', 'pid': 15672, 'vms': 20.375}
{'name': 'conhost.exe', 'username': 'MSI\\Onkar Ople', 'pid': 16064, 'vms': 5.28515625}
{'name': 'msedgewebview2.exe', 'username': 'MSI\\Onkar Ople', 'pid': 16136, 'vms': 38.30078125}
{'name': 'python.exe', 'username': 'MSI\\Onkar Ople', 'pid': 16340, 'vms': 10.76953125}
{'name': 'onlinent.exe', 'username': 'MSI\\Onkar Ople', 'pid': 16416, 'vms': 6.4921875}
{'name': 'Code.exe', 'username': 'MSI\\Onkar Ople', 'pid': 16696, 'vms': 98.03515625}
{'name': 'IAStorIcon.exe', 'username': 'MSI\\Onkar Ople', 'pid': 16728, 'vms': 33.8203125}
{'name': 'RuntimeBroker.exe', 'username': 'MSI\\Onkar Ople', 'pid': 17536, 'vms': 7.62890625}
{'name': 'cmd.exe', 'username': 'MSI\\Onkar Ople', 'pid': 17560, 'vms': 3.56640625}
{'name': 'chrome.exe', 'username': 'MSI\\Onkar Ople', 'pid': 17648, 'vms': 196.41015625}
{'name': 'dllhost.exe', 'username': 'MSI\\Onkar Ople', 'pid': 18032, 'vms': 5.75390625}
{'name': 'python.exe', 'username': 'MSI\\Onkar Ople', 'pid': 18036, 'vms': 24.79296875}
{'name': 'StartMenuExperienceHost.exe', 'username': 'MSI\\Onkar Ople', 'pid': 18172, 'vms': 28.734375}
{'name': 'chrome.exe', 'username': 'MSI\\Onkar Ople', 'pid': 18228, 'vms': 17.953125}
{'name': 'TextInputHost.exe', 'username': 'MSI\\Onkar Ople', 'pid': 18296, 'vms': 18.11328125}
{'name': 'Code.exe', 'username': 'MSI\\Onkar Ople', 'pid': 18580, 'vms': 50.75}
{'name': 'svchost.exe', 'username': 'MSI\\Onkar Ople', 'pid': 18720, 'vms': 2.03125}
{'name': 'nvcontainer.exe', 'username': 'MSI\\Onkar Ople', 'pid': 18724, 'vms': 8.03515625}
{'name': 'svchost.exe', 'username': 'MSI\\Onkar Ople', 'pid': 18732, 'vms': 7.91796875}
{'name': 'cpptools.exe', 'username': 'MSI\\Onkar Ople', 'pid': 18996, 'vms': 5.65234375}
{'name': 'msedge.exe', 'username': 'MSI\\Onkar Ople', 'pid': 19256, 'vms': 24.9375}
{'name': 'NVIDIA Share.exe', 'username': 'MSI\\Onkar Ople', 'pid': 19512, 'vms': 34.34375}
{'name': 'NVIDIA Share.exe', 'username': 'MSI\\Onkar Ople', 'pid': 19672, 'vms': 27.10546875}
{'name': 'nahimicNotifSys.exe', 'username': 'MSI\\Onkar Ople', 'pid': 19812, 'vms': 40.84375}
{'name': 'python.exe', 'username': 'MSI\\Onkar Ople', 'pid': 20016, 'vms': 10.70703125}
{'name': 'SecurityHealthSystray.exe', 'username': 'MSI\\Onkar Ople', 'pid': 20268, 'vms': 1.79296875}
{'name': 'Code.exe', 'username': 'MSI\\Onkar Ople', 'pid': 20540, 'vms': 19.6484375}
{'name': 'SearchHost.exe', 'username': 'MSI\\Onkar Ople', 'pid': 20644, 'vms': 109.4765625}
{'name': 'nvcontainer.exe', 'username': 'MSI\\Onkar Ople', 'pid': 20672, 'vms': 35.96875}
{'name': 'Code.exe', 'username': 'MSI\\Onkar Ople', 'pid': 20800, 'vms': 10.59765625}
{'name': 'conhost.exe', 'username': 'MSI\\Onkar Ople', 'pid': 20944, 'vms': 5.4140625}
{'name': 'svchost.exe', 'username': 'MSI\\Onkar Ople', 'pid': 20956, 'vms': 11.6484375}
{'name': 'PhoneExperienceHost.exe', 'username': 'MSI\\Onkar Ople', 'pid': 21048, 'vms': 70.015625}
{'name': 'chrome.exe', 'username': 'MSI\\Onkar Ople', 'pid': 21060, 'vms': 21.421875}
{'name': 'Code.exe', 'username': 'MSI\\Onkar Ople', 'pid': 21176, 'vms': 21.859375}
