--------------------------------------------------------------------------------
Marvellous Infosystems Process Logger : Tue Nov 22 11:42:25 2022
--------------------------------------------------------------------------------
{'username': 'MSI\\Onkar Ople', 'pid': 1772, 'name': 'backgroundTaskHost.exe', 'vms': 22.71484375}
{'username': 'MSI\\Onkar Ople', 'pid': 2032, 'name': 'RuntimeBroker.exe', 'vms': 2.421875}
{'username': 'MSI\\Onkar Ople', 'pid': 2244, 'name': 'sihost.exe', 'vms': 6.484375}
{'username': 'MSI\\Onkar Ople', 'pid': 2328, 'name': 'chrome.exe', 'vms': 8.34375}
{'username': 'MSI\\Onkar Ople', 'pid': 2520, 'name': 'msedgewebview2.exe', 'vms': 71.7421875}
{'username': 'MSI\\Onkar Ople', 'pid': 2844, 'name': 'conhost.exe', 'vms': 5.41796875}
{'username': 'MSI\\Onkar Ople', 'pid': 3280, 'name': 'utweb.exe', 'vms': 10.86328125}
{'username': 'MSI\\Onkar Ople', 'pid': 3292, 'name': 'chrome.exe', 'vms': 338.3046875}
{'username': 'MSI\\Onkar Ople', 'pid': 3444, 'name': 'svchost.exe', 'vms': 5.76953125}
{'username': 'MSI\\Onkar Ople', 'pid': 4688, 'name': 'IGCC.exe', 'vms': 18.1640625}
{'username': 'MSI\\Onkar Ople', 'pid': 4768, 'name': 'Nahimic3.exe', 'vms': 22.32421875}
{'username': 'MSI\\Onkar Ople', 'pid': 5572, 'name': 'chrome.exe', 'vms': 31.0703125}
{'username': 'MSI\\Onkar Ople', 'pid': 6556, 'name': 'UserOOBEBroker.exe', 'vms': 2.01171875}
{'username': 'MSI\\Onkar Ople', 'pid': 7032, 'name': 'ApplicationFrameHost.exe', 'vms': 13.37109375}
{'username': 'MSI\\Onkar Ople', 'pid': 8248, 'name': 'NVIDIA Share.exe', 'vms': 47.53515625}
{'username': 'MSI\\Onkar Ople', 'pid': 8508, 'name': 'NVIDIA Web Helper.exe', 'vms': 32.765625}
{'username': 'MSI\\Onkar Ople', 'pid': 8528, 'name': 'Code.exe', 'vms': 11.89453125}
{'username': 'MSI\\Onkar Ople', 'pid': 8552, 'name': 'Code.exe', 'vms': 175.5}
{'username': 'MSI\\Onkar Ople', 'pid': 8588, 'name': 'msedge.exe', 'vms': 42.28125}
{'username': 'MSI\\Onkar Ople', 'pid': 8652, 'name': 'AnyDesk.exe', 'vms': 20.77734375}
{'username': 'MSI\\Onkar Ople', 'pid': 9064, 'name': 'RtkAudUService64.exe', 'vms': 4.9453125}
{'username': 'MSI\\Onkar Ople', 'pid': 9068, 'name': 'IGCCTray.exe', 'vms': 47.703125}
{'username': 'MSI\\Onkar Ople', 'pid': 9312, 'name': 'msedge.exe', 'vms': 77.17578125}
{'username': 'MSI\\Onkar Ople', 'pid': 9448, 'name': 'Code.exe', 'vms': 41.19140625}
{'username': 'MSI\\Onkar Ople', 'pid': 9716, 'name': 'Amazon Music Helper.exe', 'vms': 2.0703125}
{'username': 'MSI\\Onkar Ople', 'pid': 10040, 'name': 'Code.exe', 'vms': 158.953125}
{'username': 'MSI\\Onkar Ople', 'pid': 10044, 'name': 'msedge.exe', 'vms': 1.97265625}
{'username': 'MSI\\Onkar Ople', 'pid': 10060, 'name': 'msedge.exe', 'vms': 7.69140625}
{'username': 'MSI\\Onkar Ople', 'pid': 10484, 'name': 'msedge.exe', 'vms': 20.68359375}
{'username': 'MSI\\Onkar Ople', 'pid': 10644, 'name': 'Cortana.exe', 'vms': 31.5625}
{'username': 'MSI\\Onkar Ople', 'pid': 10796, 'name': 'Code.exe', 'vms': 706.38671875}
{'username': 'MSI\\Onkar Ople', 'pid': 11296, 'name': 'chrome.exe', 'vms': 132.6953125}
{'username': 'MSI\\Onkar Ople', 'pid': 11300, 'name': 'RuntimeBroker.exe', 'vms': 4.90625}
{'username': 'MSI\\Onkar Ople', 'pid': 11340, 'name': 'msedgewebview2.exe', 'vms': 10.84375}
{'username': 'MSI\\Onkar Ople', 'pid': 11356, 'name': 'dllhost.exe', 'vms': 1.453125}
{'username': 'MSI\\Onkar Ople', 'pid': 11452, 'name': 'chrome.exe', 'vms': 2.29296875}
{'username': 'MSI\\Onkar Ople', 'pid': 11512, 'name': 'Widgets.exe', 'vms': 8.55078125}
{'username': 'MSI\\Onkar Ople', 'pid': 11572, 'name': 'helper.exe', 'vms': 5.83203125}
{'username': 'MSI\\Onkar Ople', 'pid': 11692, 'name': 'msedgewebview2.exe', 'vms': 8.0546875}
{'username': 'MSI\\Onkar Ople', 'pid': 11748, 'name': 'chrome.exe', 'vms': 21.5078125}
{'username': 'MSI\\Onkar Ople', 'pid': 11948, 'name': 'RuntimeBroker.exe', 'vms': 5.53515625}
{'username': 'MSI\\Onkar Ople', 'pid': 11952, 'name': 'explorer.exe', 'vms': 81.3984375}
{'username': 'MSI\\Onkar Ople', 'pid': 12076, 'name': 'SystemSettings.exe', 'vms': 48.2734375}
{'username': 'MSI\\Onkar Ople', 'pid': 12444, 'name': 'chrome.exe', 'vms': 23.31640625}
{'username': 'MSI\\Onkar Ople', 'pid': 12584, 'name': 'msedgewebview2.exe', 'vms': 2.29296875}
{'username': 'MSI\\Onkar Ople', 'pid': 12636, 'name': 'svchost.exe', 'vms': 3.484375}
{'username': 'MSI\\Onkar Ople', 'pid': 12772, 'name': 'Code.exe', 'vms': 102.7265625}
{'username': 'MSI\\Onkar Ople', 'pid': 13020, 'name': 'RuntimeBroker.exe', 'vms': 3.8515625}
{'username': 'MSI\\Onkar Ople', 'pid': 13292, 'name': 'conhost.exe', 'vms': 12.1640625}
{'username': 'MSI\\Onkar Ople', 'pid': 13552, 'name': 'cpptools.exe', 'vms': 40.515625}
{'username': 'MSI\\Onkar Ople', 'pid': 13616, 'name': 'svchost.exe', 'vms': 7.984375}
{'username': 'MSI\\Onkar Ople', 'pid': 13688, 'name': 'msedge.exe', 'vms': 12.4296875}
{'username': 'MSI\\Onkar Ople', 'pid': 13872, 'name': 'chrome.exe', 'vms': 21.1328125}
{'username': 'MSI\\Onkar Ople', 'pid': 13964, 'name': 'python.exe', 'vms': 10.640625}
{'username': 'MSI\\Onkar Ople', 'pid': 14180, 'name': 'msedgewebview2.exe', 'vms': 80.21875}
{'username': 'MSI\\Onkar Ople', 'pid': 14572, 'name': 'chrome.exe', 'vms': 22.61328125}
{'username': 'MSI\\Onkar Ople', 'pid': 14656, 'name': 'svchost.exe', 'vms': 7.08984375}
{'username': 'MSI\\Onkar Ople', 'pid': 14660, 'name': 'chrome.exe', 'vms': 7.4609375}
{'username': 'MSI\\Onkar Ople', 'pid': 14664, 'name': 'taskhostw.exe', 'vms': 7.578125}
{'username': 'MSI\\Onkar Ople', 'pid': 14680, 'name': 'Code.exe', 'vms': 59.99609375}
{'username': 'MSI\\Onkar Ople', 'pid': 15056, 'name': 'chrome.exe', 'vms': 129.21484375}
{'username': 'MSI\\Onkar Ople', 'pid': 15672, 'name': 'chrome.exe', 'vms': 20.375}
{'username': 'MSI\\Onkar Ople', 'pid': 16064, 'name': 'conhost.exe', 'vms': 5.28515625}
{'username': 'MSI\\Onkar Ople', 'pid': 16136, 'name': 'msedgewebview2.exe', 'vms': 38.22265625}
{'username': 'MSI\\Onkar Ople', 'pid': 16340, 'name': 'python.exe', 'vms': 10.76953125}
{'username': 'MSI\\Onkar Ople', 'pid': 16416, 'name': 'onlinent.exe', 'vms': 6.51953125}
{'username': 'MSI\\Onkar Ople', 'pid': 16696, 'name': 'Code.exe', 'vms': 109.58203125}
{'username': 'MSI\\Onkar Ople', 'pid': 16728, 'name': 'IAStorIcon.exe', 'vms': 33.8203125}
{'username': 'MSI\\Onkar Ople', 'pid': 17536, 'name': 'RuntimeBroker.exe', 'vms': 7.51171875}
{'username': 'MSI\\Onkar Ople', 'pid': 17560, 'name': 'cmd.exe', 'vms': 2.4296875}
{'username': 'MSI\\Onkar Ople', 'pid': 17648, 'name': 'chrome.exe', 'vms': 189.65625}
{'username': 'MSI\\Onkar Ople', 'pid': 17976, 'name': 'chrome.exe', 'vms': 17.98046875}
{'username': 'MSI\\Onkar Ople', 'pid': 18032, 'name': 'dllhost.exe', 'vms': 5.80859375}
{'username': 'MSI\\Onkar Ople', 'pid': 18036, 'name': 'python.exe', 'vms': 24.87109375}
{'username': 'MSI\\Onkar Ople', 'pid': 18172, 'name': 'StartMenuExperienceHost.exe', 'vms': 28.734375}
{'username': 'MSI\\Onkar Ople', 'pid': 18296, 'name': 'TextInputHost.exe', 'vms': 18.12109375}
{'username': 'MSI\\Onkar Ople', 'pid': 18580, 'name': 'Code.exe', 'vms': 52.390625}
{'username': 'MSI\\Onkar Ople', 'pid': 18720, 'name': 'svchost.exe', 'vms': 2.03125}
{'username': 'MSI\\Onkar Ople', 'pid': 18724, 'name': 'nvcontainer.exe', 'vms': 8.03515625}
{'username': 'MSI\\Onkar Ople', 'pid': 18732, 'name': 'svchost.exe', 'vms': 7.53125}
{'username': 'MSI\\Onkar Ople', 'pid': 18996, 'name': 'cpptools.exe', 'vms': 5.65234375}
{'username': 'MSI\\Onkar Ople', 'pid': 19256, 'name': 'msedge.exe', 'vms': 25.03125}
{'username': 'MSI\\Onkar Ople', 'pid': 19512, 'name': 'NVIDIA Share.exe', 'vms': 34.34375}
{'username': 'MSI\\Onkar Ople', 'pid': 19672, 'name': 'NVIDIA Share.exe', 'vms': 27.10546875}
{'username': 'MSI\\Onkar Ople', 'pid': 19812, 'name': 'nahimicNotifSys.exe', 'vms': 40.84375}
{'username': 'MSI\\Onkar Ople', 'pid': 20016, 'name': 'python.exe', 'vms': 10.70703125}
{'username': 'MSI\\Onkar Ople', 'pid': 20268, 'name': 'SecurityHealthSystray.exe', 'vms': 1.79296875}
{'username': 'MSI\\Onkar Ople', 'pid': 20540, 'name': 'Code.exe', 'vms': 19.71875}
{'username': 'MSI\\Onkar Ople', 'pid': 20644, 'name': 'SearchHost.exe', 'vms': 109.4765625}
{'username': 'MSI\\Onkar Ople', 'pid': 20672, 'name': 'nvcontainer.exe', 'vms': 33.2109375}
{'username': 'MSI\\Onkar Ople', 'pid': 20800, 'name': 'Code.exe', 'vms': 10.59765625}
{'username': 'MSI\\Onkar Ople', 'pid': 20944, 'name': 'conhost.exe', 'vms': 5.4140625}
{'username': 'MSI\\Onkar Ople', 'pid': 20956, 'name': 'svchost.exe', 'vms': 11.6796875}
{'username': 'MSI\\Onkar Ople', 'pid': 21048, 'name': 'PhoneExperienceHost.exe', 'vms': 70.015625}
{'username': 'MSI\\Onkar Ople', 'pid': 21060, 'name': 'chrome.exe', 'vms': 21.4453125}
{'username': 'MSI\\Onkar Ople', 'pid': 21176, 'name': 'Code.exe', 'vms': 21.8671875}
